/home/runner/work/pgi-2025-the_white_champions/pgi-2025-the_white_champions/src/features.c:50:6: error: conflicting types for ‘print_pixel’; have ‘void(char *, int,  int)’
   50 | void print_pixel(char *filename, int x, int y) {
      |      ^~~~~~~~~~~
In file included from /home/runner/work/pgi-2025-the_white_champions/pgi-2025-the_white_champions/src/features.c:3:
/home/runner/work/pgi-2025-the_white_champions/pgi-2025-the_white_champions/src/features.h:18:6: note: previous declaration of ‘print_pixel’ with type ‘void(char *)’
   18 | void print_pixel(char *source_path);
      |      ^~~~~~~~~~~
/home/runner/work/pgi-2025-the_white_champions/pgi-2025-the_white_champions/src/features.c: In function ‘rotate_cw’:
/home/runner/work/pgi-2025-the_white_champions/pgi-2025-the_white_champions/src/features.c:57:32: error: ‘data’ undeclared (first use in this function)
   57 |     read_image_data(filename, &data, &width, &height, &n);
      |                                ^~~~
/home/runner/work/pgi-2025-the_white_champions/pgi-2025-the_white_champions/src/features.c:57:32: note: each undeclared identifier is reported only once for each function it appears in
/home/runner/work/pgi-2025-the_white_champions/pgi-2025-the_white_champions/src/features.c:57:39: error: ‘width’ undeclared (first use in this function)
   57 |     read_image_data(filename, &data, &width, &height, &n);
      |                                       ^~~~~
/home/runner/work/pgi-2025-the_white_champions/pgi-2025-the_white_champions/src/features.c:57:47: error: ‘height’ undeclared (first use in this function)
   57 |     read_image_data(filename, &data, &width, &height, &n);
      |                                               ^~~~~~
/home/runner/work/pgi-2025-the_white_champions/pgi-2025-the_white_champions/src/features.c:57:56: error: ‘n’ undeclared (first use in this function)
   57 |     read_image_data(filename, &data, &width, &height, &n);
      |                                                        ^
/home/runner/work/pgi-2025-the_white_champions/pgi-2025-the_white_champions/src/features.c:59:33: warning: implicit declaration of function ‘malloc’ [-Wimplicit-function-declaration]
   59 |     unsigned char *rotate_pic = malloc(zPixel);
      |                                 ^~~~~~
/home/runner/work/pgi-2025-the_white_champions/pgi-2025-the_white_champions/src/features.c:5:1: note: include ‘<stdlib.h>’ or provide a declaration of ‘malloc’
    4 | #include "utils.h"
  +++ |+#include <stdlib.h>
    5 | 
/home/runner/work/pgi-2025-the_white_champions/pgi-2025-the_white_champions/src/features.c:59:33: warning: incompatible implicit declaration of built-in function ‘malloc’ [-Wbuiltin-declaration-mismatch]
   59 |     unsigned char *rotate_pic = malloc(zPixel);
      |                                 ^~~~~~
/home/runner/work/pgi-2025-the_white_champions/pgi-2025-the_white_champions/src/features.c:59:33: note: include ‘<stdlib.h>’ or provide a declaration of ‘malloc’
/home/runner/work/pgi-2025-the_white_champions/pgi-2025-the_white_champions/src/features.c:66:17: error: ‘image_out_bmp’ undeclared (first use in this function)
   66 |                 image_out_bmp[(x * height + (height - 1 - y)) * zPixel + z] = data[(y * width + x) * zPixel + z];
      |                 ^~~~~~~~~~~~~
/home/runner/work/pgi-2025-the_white_champions/pgi-2025-the_white_champions/src/features.c:70:12: warning: ‘return’ with a value, in function returning void
   70 |     return image_out_bmp;
      |            ^~~~~~~~~~~~~
/home/runner/work/pgi-2025-the_white_champions/pgi-2025-the_white_champions/src/features.c:56:6: note: declared here
   56 | void rotate_cw(char *filename, int x, int y, int z) {
      |      ^~~~~~~~~
/home/runner/work/pgi-2025-the_white_champions/pgi-2025-the_white_champions/src/features.c: In function ‘rotate_acw’:
/home/runner/work/pgi-2025-the_white_champions/pgi-2025-the_white_champions/src/features.c:74:32: error: ‘data’ undeclared (first use in this function)
   74 |     read_image_data(filename, &data, &width, &height);
      |                                ^~~~
/home/runner/work/pgi-2025-the_white_champions/pgi-2025-the_white_champions/src/features.c:74:39: error: ‘width’ undeclared (first use in this function)
   74 |     read_image_data(filename, &data, &width, &height);
      |                                       ^~~~~
/home/runner/work/pgi-2025-the_white_champions/pgi-2025-the_white_champions/src/features.c:74:47: error: ‘height’ undeclared (first use in this function)
   74 |     read_image_data(filename, &data, &width, &height);
      |                                               ^~~~~~
/home/runner/work/pgi-2025-the_white_champions/pgi-2025-the_white_champions/src/features.c:74:5: error: too few arguments to function ‘read_image_data’
   74 |     read_image_data(filename, &data, &width, &height);
      |     ^~~~~~~~~~~~~~~
In file included from /home/runner/work/pgi-2025-the_white_champions/pgi-2025-the_white_champions/src/features.c:1:
/home/runner/work/pgi-2025-the_white_champions/lib/estia_image/include/estia-image.h:13:5: note: declared here
   13 | int read_image_data(const char *filename, unsigned char **data, int *width, int *height, int *channel_count);
      |     ^~~~~~~~~~~~~~~
/home/runner/work/pgi-2025-the_white_champions/pgi-2025-the_white_champions/src/features.c:75:33: warning: incompatible implicit declaration of built-in function ‘malloc’ [-Wbuiltin-declaration-mismatch]
   75 |     unsigned char *rotate_pic = malloc(zPixel);
      |                                 ^~~~~~
/home/runner/work/pgi-2025-the_white_champions/pgi-2025-the_white_champions/src/features.c:75:33: note: include ‘<stdlib.h>’ or provide a declaration of ‘malloc’
/home/runner/work/pgi-2025-the_white_champions/pgi-2025-the_white_champions/src/features.c:75:40: error: ‘zPixel’ undeclared (first use in this function)
   75 |     unsigned char *rotate_pic = malloc(zPixel);
      |                                        ^~~~~~
/home/runner/work/pgi-2025-the_white_champions/pgi-2025-the_white_champions/src/features.c:82:17: error: ‘image_out_bmp’ undeclared (first use in this function)
   82 |                 image_out_bmp[(y * width + (width - 1 - x)) * zPixel + z] = data[(y * width + x) * zPixel + z]; /*On change juste ici la valeur de roation soit x*/
      |                 ^~~~~~~~~~~~~
/home/runner/work/pgi-2025-the_white_champions/pgi-2025-the_white_champions/src/features.c:86:12: warning: ‘return’ with a value, in function returning void
   86 |     return image_out_bmp;
      |            ^~~~~~~~~~~~~
/home/runner/work/pgi-2025-the_white_champions/pgi-2025-the_white_champions/src/features.c:73:6: note: declared here
   73 | void rotate_acw(char*filename, int x, int y, int z) {
      |      ^~~~~~~~~~
/home/runner/work/pgi-2025-the_white_champions/pgi-2025-the_white_champions/src/features.c: In function ‘mirror_horizontal’:
/home/runner/work/pgi-2025-the_white_champions/pgi-2025-the_white_champions/src/features.c:90:5: error: ‘image_out_bmp’ undeclared (first use in this function)
   90 |     image_out_bmp = read_image_data(filename, &data, &width, &height);
      |     ^~~~~~~~~~~~~
/home/runner/work/pgi-2025-the_white_champions/pgi-2025-the_white_champions/src/features.c:90:48: error: ‘data’ undeclared (first use in this function)
   90 |     image_out_bmp = read_image_data(filename, &data, &width, &height);
      |                                                ^~~~
/home/runner/work/pgi-2025-the_white_champions/pgi-2025-the_white_champions/src/features.c:90:55: error: ‘width’ undeclared (first use in this function)
   90 |     image_out_bmp = read_image_data(filename, &data, &width, &height);
      |                                                       ^~~~~
/home/runner/work/pgi-2025-the_white_champions/pgi-2025-the_white_champions/src/features.c:90:63: error: ‘height’ undeclared (first use in this function)
   90 |     image_out_bmp = read_image_data(filename, &data, &width, &height);
      |                                                               ^~~~~~
/home/runner/work/pgi-2025-the_white_champions/pgi-2025-the_white_champions/src/features.c:90:21: error: too few arguments to function ‘read_image_data’
   90 |     image_out_bmp = read_image_data(filename, &data, &width, &height);
      |                     ^~~~~~~~~~~~~~~
/home/runner/work/pgi-2025-the_white_champions/lib/estia_image/include/estia-image.h:13:5: note: declared here
   13 | int read_image_data(const char *filename, unsigned char **data, int *width, int *height, int *channel_count);
      |     ^~~~~~~~~~~~~~~
/home/runner/work/pgi-2025-the_white_champions/pgi-2025-the_white_champions/src/features.c:91:34: warning: incompatible implicit declaration of built-in function ‘malloc’ [-Wbuiltin-declaration-mismatch]
   91 |     unsigned char *symetry_pic = malloc(zPixel);
      |                                  ^~~~~~
/home/runner/work/pgi-2025-the_white_champions/pgi-2025-the_white_champions/src/features.c:91:34: note: include ‘<stdlib.h>’ or provide a declaration of ‘malloc’
/home/runner/work/pgi-2025-the_white_champions/pgi-2025-the_white_champions/src/features.c:91:41: error: ‘zPixel’ undeclared (first use in this function)
   91 |     unsigned char *symetry_pic = malloc(zPixel);
      |                                         ^~~~~~
/home/runner/work/pgi-2025-the_white_champions/pgi-2025-the_white_champions/src/features.c:99:29: error: expected expression before ‘<’ token
   99 |             for( z = 0; z = < zPixel; z++) { /* Ici on échange les pixels de place*/
      |                             ^
/home/runner/work/pgi-2025-the_white_champions/pgi-2025-the_white_champions/src/features.c:106:12: warning: ‘return’ with a value, in function returning void
  106 |     return image_out_bmp ;
      |            ^~~~~~~~~~~~~
/home/runner/work/pgi-2025-the_white_champions/pgi-2025-the_white_champions/src/features.c:89:6: note: declared here
   89 | void mirror_horizontal(char*filename, int x, int y, int z) {
      |      ^~~~~~~~~~~~~~~~~
/home/runner/work/pgi-2025-the_white_champions/pgi-2025-the_white_champions/src/features.c: In function ‘mirror_verticale’:
/home/runner/work/pgi-2025-the_white_champions/pgi-2025-the_white_champions/src/features.c:110:5: error: ‘image_out_bmp’ undeclared (first use in this function)
  110 |     image_out_bmp = read_image_data(filename, &data, &width, &height);
      |     ^~~~~~~~~~~~~
/home/runner/work/pgi-2025-the_white_champions/pgi-2025-the_white_champions/src/features.c:110:48: error: ‘data’ undeclared (first use in this function)
  110 |     image_out_bmp = read_image_data(filename, &data, &width, &height);
      |                                                ^~~~
/home/runner/work/pgi-2025-the_white_champions/pgi-2025-the_white_champions/src/features.c:110:55: error: ‘width’ undeclared (first use in this function)
  110 |     image_out_bmp = read_image_data(filename, &data, &width, &height);
      |                                                       ^~~~~
/home/runner/work/pgi-2025-the_white_champions/pgi-2025-the_white_champions/src/features.c:110:63: error: ‘height’ undeclared (first use in this function)
  110 |     image_out_bmp = read_image_data(filename, &data, &width, &height);
      |                                                               ^~~~~~
/home/runner/work/pgi-2025-the_white_champions/pgi-2025-the_white_champions/src/features.c:110:21: error: too few arguments to function ‘read_image_data’
  110 |     image_out_bmp = read_image_data(filename, &data, &width, &height);
      |                     ^~~~~~~~~~~~~~~
/home/runner/work/pgi-2025-the_white_champions/lib/estia_image/include/estia-image.h:13:5: note: declared here
   13 | int read_image_data(const char *filename, unsigned char **data, int *width, int *height, int *channel_count);
      |     ^~~~~~~~~~~~~~~
/home/runner/work/pgi-2025-the_white_champions/pgi-2025-the_white_champions/src/features.c:111:34: warning: incompatible implicit declaration of built-in function ‘malloc’ [-Wbuiltin-declaration-mismatch]
  111 |     unsigned char *symetry_pic = malloc(zPixel);
      |                                  ^~~~~~
/home/runner/work/pgi-2025-the_white_champions/pgi-2025-the_white_champions/src/features.c:111:34: note: include ‘<stdlib.h>’ or provide a declaration of ‘malloc’
/home/runner/work/pgi-2025-the_white_champions/pgi-2025-the_white_champions/src/features.c:111:41: error: ‘zPixel’ undeclared (first use in this function)
  111 |     unsigned char *symetry_pic = malloc(zPixel);
      |                                         ^~~~~~
/home/runner/work/pgi-2025-the_white_champions/pgi-2025-the_white_champions/src/features.c:119:29: error: expected expression before ‘<’ token
  119 |             for( z = 0; z = < zPixel; z++) { /* Ici meme idee que precedemment on realise juste pour le haut et la bas */
      |                             ^
/home/runner/work/pgi-2025-the_white_champions/pgi-2025-the_white_champions/src/features.c:126:12: warning: ‘return’ with a value, in function returning void
  126 |     return image_out_bmp;
      |            ^~~~~~~~~~~~~
/home/runner/work/pgi-2025-the_white_champions/pgi-2025-the_white_champions/src/features.c:109:6: note: declared here
  109 | void mirror_verticale(char*filename, int x, int y, int z) {
      |      ^~~~~~~~~~~~~~~~
/home/runner/work/pgi-2025-the_white_champions/pgi-2025-the_white_champions/src/features.c: In function ‘mirror_totale’:
/home/runner/work/pgi-2025-the_white_champions/pgi-2025-the_white_champions/src/features.c:130:5: error: ‘image_out_bmp’ undeclared (first use in this function)
  130 |     image_out_bmp = read_image_data(filename, &data, &width, &height);
      |     ^~~~~~~~~~~~~
/home/runner/work/pgi-2025-the_white_champions/pgi-2025-the_white_champions/src/features.c:130:48: error: ‘data’ undeclared (first use in this function)
  130 |     image_out_bmp = read_image_data(filename, &data, &width, &height);
      |                                                ^~~~
/home/runner/work/pgi-2025-the_white_champions/pgi-2025-the_white_champions/src/features.c:130:55: error: ‘width’ undeclared (first use in this function)
  130 |     image_out_bmp = read_image_data(filename, &data, &width, &height);
      |                                                       ^~~~~
/home/runner/work/pgi-2025-the_white_champions/pgi-2025-the_white_champions/src/features.c:130:63: error: ‘height’ undeclared (first use in this function)
  130 |     image_out_bmp = read_image_data(filename, &data, &width, &height);
      |                                                               ^~~~~~
/home/runner/work/pgi-2025-the_white_champions/pgi-2025-the_white_champions/src/features.c:130:21: error: too few arguments to function ‘read_image_data’
  130 |     image_out_bmp = read_image_data(filename, &data, &width, &height);
      |                     ^~~~~~~~~~~~~~~
/home/runner/work/pgi-2025-the_white_champions/lib/estia_image/include/estia-image.h:13:5: note: declared here
   13 | int read_image_data(const char *filename, unsigned char **data, int *width, int *height, int *channel_count);
      |     ^~~~~~~~~~~~~~~
/home/runner/work/pgi-2025-the_white_champions/pgi-2025-the_white_champions/src/features.c:131:34: warning: incompatible implicit declaration of built-in function ‘malloc’ [-Wbuiltin-declaration-mismatch]
  131 |     unsigned char *symetry_pic = malloc(zPixel);
      |                                  ^~~~~~
/home/runner/work/pgi-2025-the_white_champions/pgi-2025-the_white_champions/src/features.c:131:34: note: include ‘<stdlib.h>’ or provide a declaration of ‘malloc’
/home/runner/work/pgi-2025-the_white_champions/pgi-2025-the_white_champions/src/features.c:131:41: error: ‘zPixel’ undeclared (first use in this function)
  131 |     unsigned char *symetry_pic = malloc(zPixel);
      |                                         ^~~~~~
/home/runner/work/pgi-2025-the_white_champions/pgi-2025-the_white_champions/src/features.c:139:29: error: expected expression before ‘<’ token
  139 |             for( z = 0; z = < zPixel; z++) { /* Ici meme idee que precedemment on realise juste pour toutes les directions */
      |                             ^
/home/runner/work/pgi-2025-the_white_champions/pgi-2025-the_white_champions/src/features.c:146:12: warning: ‘return’ with a value, in function returning void
  146 |     return image_out_bmp;
      |            ^~~~~~~~~~~~~
/home/runner/work/pgi-2025-the_white_champions/pgi-2025-the_white_champions/src/features.c:129:6: note: declared here
  129 | void mirror_totale(char*filename, int x, int y, int z) {
      |      ^~~~~~~~~~~~~
/home/runner/work/pgi-2025-the_white_champions/pgi-2025-the_white_champions/src/features.c: In function ‘max_pixel’:
/home/runner/work/pgi-2025-the_white_champions/pgi-2025-the_white_champions/src/features.c:214:24: warning: implicit declaration of function ‘get_pixel’; did you mean ‘max_pixel’? [-Wimplicit-function-declaration]
  214 |     pixelRGB*max_pixel=get_pixel( data , largeur , hauteur , NC , 0 , 0 ) ;
      |                        ^~~~~~~~~
      |                        max_pixel
/home/runner/work/pgi-2025-the_white_champions/pgi-2025-the_white_champions/src/features.c:214:24: warning: initialization of ‘pixelRGB *’ {aka ‘struct _pixelRGB *’} from ‘int’ makes pointer from integer without a cast [-Wint-conversion]
/home/runner/work/pgi-2025-the_white_champions/pgi-2025-the_white_champions/src/features.c:215:30: warning: initialization of ‘pixelRGB *’ {aka ‘struct _pixelRGB *’} from ‘int’ makes pointer from integer without a cast [-Wint-conversion]
  215 |         pixelRGB*first_pixel=get_pixel( data , largeur , hauteur , NC , 0 , 0 ) ;
      |                              ^~~~~~~~~
/home/runner/work/pgi-2025-the_white_champions/pgi-2025-the_white_champions/src/features.c:216:47: error: ‘pixelRGB’ {aka ‘struct _pixelRGB’} has no member named ‘G’
  216 |         int Solmaxi=first_pixel->R+first_pixel->G+first_pixel->B ;
      |                                               ^~
/home/runner/work/pgi-2025-the_white_champions/pgi-2025-the_white_champions/src/features.c:216:62: error: ‘pixelRGB’ {aka ‘struct _pixelRGB’} has no member named ‘B’
  216 |         int Solmaxi=first_pixel->R+first_pixel->G+first_pixel->B ;
      |                                                              ^~
/home/runner/work/pgi-2025-the_white_champions/pgi-2025-the_white_champions/src/features.c:221:28: warning: initialization of ‘pixelRGB *’ {aka ‘struct _pixelRGB *’} from ‘int’ makes pointer from integer without a cast [-Wint-conversion]
  221 |             pixelRGB*pixel=get_pixel( data , largeur , hauteur , NC , X , Y ) ;
      |                            ^~~~~~~~~
/home/runner/work/pgi-2025-the_white_champions/pgi-2025-the_white_champions/src/features.c:222:31: error: ‘pixelRGB’ {aka ‘struct _pixelRGB’} has no member named ‘G’
  222 |             Sol=pixel->R+pixel->G+pixel->B ;
      |                               ^~
/home/runner/work/pgi-2025-the_white_champions/pgi-2025-the_white_champions/src/features.c:222:40: error: ‘pixelRGB’ {aka ‘struct _pixelRGB’} has no member named ‘B’
  222 |             Sol=pixel->R+pixel->G+pixel->B ;
      |                                        ^~
/home/runner/work/pgi-2025-the_white_champions/pgi-2025-the_white_champions/src/features.c:233:95: error: ‘pixelRGB’ {aka ‘struct _pixelRGB’} has no member named ‘G’
  233 |     printf( "max_pixel ( %d %d ) : %d , %d , %d \n" , Xmaxi , Ymaxi , max_pixel->R , max_pixel->G , max_pixel->B ) ;
      |                                                                                               ^~
/home/runner/work/pgi-2025-the_white_champions/pgi-2025-the_white_champions/src/features.c:233:110: error: ‘pixelRGB’ {aka ‘struct _pixelRGB’} has no member named ‘B’
  233 |     printf( "max_pixel ( %d %d ) : %d , %d , %d \n" , Xmaxi , Ymaxi , max_pixel->R , max_pixel->G , max_pixel->B ) ;
      |                                                                                                              ^~
/home/runner/work/pgi-2025-the_white_champions/pgi-2025-the_white_champions/src/features.c:235:105: error: ‘pixelRGB’ {aka ‘struct _pixelRGB’} has no member named ‘G’
  235 |     sprintf(resultat , "max_pixel( %d %d ) : %d , %d , %d \n" , Xmaxi , Ymaxi , max_pixel->R , max_pixel->G , max_pixel->B ) ;
      |                                                                                                         ^~
/home/runner/work/pgi-2025-the_white_champions/pgi-2025-the_white_champions/src/features.c:235:120: error: ‘pixelRGB’ {aka ‘struct _pixelRGB’} has no member named ‘B’
  235 |     sprintf(resultat , "max_pixel( %d %d ) : %d , %d , %d \n" , Xmaxi , Ymaxi , max_pixel->R , max_pixel->G , max_pixel->B ) ;
      |                                                                                                                        ^~
/home/runner/work/pgi-2025-the_white_champions/pgi-2025-the_white_champions/src/features.c: In function ‘min_pixel’:
/home/runner/work/pgi-2025-the_white_champions/pgi-2025-the_white_champions/src/features.c:247:24: warning: initialization of ‘pixelRGB *’ {aka ‘struct _pixelRGB *’} from ‘int’ makes pointer from integer without a cast [-Wint-conversion]
  247 |     pixelRGB*min_pixel=get_pixel( data , largeur , hauteur , NC , 0 , 0 ) ;
      |                        ^~~~~~~~~
/home/runner/work/pgi-2025-the_white_champions/pgi-2025-the_white_champions/src/features.c:248:26: warning: initialization of ‘pixelRGB *’ {aka ‘struct _pixelRGB *’} from ‘int’ makes pointer from integer without a cast [-Wint-conversion]
  248 |     pixelRGB*first_pixel=get_pixel( data , largeur , hauteur , NC , 0 , 0 ) ;
      |                          ^~~~~~~~~
/home/runner/work/pgi-2025-the_white_champions/pgi-2025-the_white_champions/src/features.c:249:43: error: ‘pixelRGB’ {aka ‘struct _pixelRGB’} has no member named ‘G’
  249 |     int Solmini=first_pixel->R+first_pixel->G+first_pixel->B ;
      |                                           ^~
/home/runner/work/pgi-2025-the_white_champions/pgi-2025-the_white_champions/src/features.c:249:58: error: ‘pixelRGB’ {aka ‘struct _pixelRGB’} has no member named ‘B’
  249 |     int Solmini=first_pixel->R+first_pixel->G+first_pixel->B ;
      |                                                          ^~
/home/runner/work/pgi-2025-the_white_champions/pgi-2025-the_white_champions/src/features.c:254:28: warning: initialization of ‘pixelRGB *’ {aka ‘struct _pixelRGB *’} from ‘int’ makes pointer from integer without a cast [-Wint-conversion]
  254 |             pixelRGB*pixel=get_pixel( data , largeur , hauteur , NC , X , Y ) ;
      |                            ^~~~~~~~~
/home/runner/work/pgi-2025-the_white_champions/pgi-2025-the_white_champions/src/features.c:255:31: error: ‘pixelRGB’ {aka ‘struct _pixelRGB’} has no member named ‘G’
  255 |             Sol=pixel->R+pixel->G+pixel->B ;
      |                               ^~
/home/runner/work/pgi-2025-the_white_champions/pgi-2025-the_white_champions/src/features.c:255:40: error: ‘pixelRGB’ {aka ‘struct _pixelRGB’} has no member named ‘B’
  255 |             Sol=pixel->R+pixel->G+pixel->B ;
      |                                        ^~
/home/runner/work/pgi-2025-the_white_champions/pgi-2025-the_white_champions/src/features.c:265:93: error: ‘pixelRGB’ {aka ‘struct _pixelRGB’} has no member named ‘G’
  265 |     printf("min_pixel( %d %d ) : %d , %d , %d \n" , Xmini , Ymini , min_pixel->R , min_pixel->G , min_pixel->B ) ;
      |                                                                                             ^~
/home/runner/work/pgi-2025-the_white_champions/pgi-2025-the_white_champions/src/features.c:265:108: error: ‘pixelRGB’ {aka ‘struct _pixelRGB’} has no member named ‘B’
  265 |     printf("min_pixel( %d %d ) : %d , %d , %d \n" , Xmini , Ymini , min_pixel->R , min_pixel->G , min_pixel->B ) ;
      |                                                                                                            ^~
/home/runner/work/pgi-2025-the_white_champions/pgi-2025-the_white_champions/src/features.c:267:105: error: ‘pixelRGB’ {aka ‘struct _pixelRGB’} has no member named ‘G’
  267 |     sprintf( resultat ,"min_pixel( %d %d ) : %d , %d , %d \n" , Xmini , Ymini , min_pixel->R , min_pixel->G , min_pixel->B ) ;
      |                                                                                                         ^~
/home/runner/work/pgi-2025-the_white_champions/pgi-2025-the_white_champions/src/features.c:267:120: error: ‘pixelRGB’ {aka ‘struct _pixelRGB’} has no member named ‘B’
  267 |     sprintf( resultat ,"min_pixel( %d %d ) : %d , %d , %d \n" , Xmini , Ymini , min_pixel->R , min_pixel->G , min_pixel->B ) ;
      |                                                                                                                        ^~
/home/runner/work/pgi-2025-the_white_champions/pgi-2025-the_white_champions/src/features.c: In function ‘crop_image’:
/home/runner/work/pgi-2025-the_white_champions/pgi-2025-the_white_champions/src/features.c:273:16: warning: missing terminating " character
  273 |         printf("Usage : %s<input_file> <outpu_file> <center_x> <center_y> <width>
      |                ^
/home/runner/work/pgi-2025-the_white_champions/pgi-2025-the_white_champions/src/features.c:273:16: error: missing terminating " character
  273 |         printf("Usage : %s<input_file> <outpu_file> <center_x> <center_y> <width>
      |                ^~~~~~~~~~~~~~~~~~~~~~~~~~~~~~~~~~~~~~~~~~~~~~~~~~~~~~~~~~~~~~~~~~
/home/runner/work/pgi-2025-the_white_champions/pgi-2025-the_white_champions/src/features.c:274:9: error: expected expression before ‘<’ token
  274 |         <height>\n", argv[0]);
      |         ^
/home/runner/work/pgi-2025-the_white_champions/pgi-2025-the_white_champions/src/features.c:274:17: error: stray ‘\’ in program
  274 |         <height>\n", argv[0]);
      |                 ^
/home/runner/work/pgi-2025-the_white_champions/pgi-2025-the_white_champions/src/features.c:274:19: warning: missing terminating " character
  274 |         <height>\n", argv[0]);
      |                   ^
/home/runner/work/pgi-2025-the_white_champions/pgi-2025-the_white_champions/src/features.c:274:19: error: missing terminating " character
  274 |         <height>\n", argv[0]);
      |                   ^~~~~~~~~~~~
/home/runner/work/pgi-2025-the_white_champions/pgi-2025-the_white_champions/src/features.c:275:18: error: expected ‘;’ before ‘}’ token
  275 |         return 1;
      |                  ^
      |                  ;
  276 |     }
      |     ~             
/home/runner/work/pgi-2025-the_white_champions/pgi-2025-the_white_champions/src/features.c:277:30: error: ‘argv’ undeclared (first use in this function); did you mean ‘argy’?
  277 |     const char *input_file = argv[1];
      |                              ^~~~
      |                              argy
/home/runner/work/pgi-2025-the_white_champions/pgi-2025-the_white_champions/src/features.c:279:20: warning: implicit declaration of function ‘atoi’ [-Wimplicit-function-declaration]
  279 |     int center_x = atoi(argv[3]);
      |                    ^~~~
/home/runner/work/pgi-2025-the_white_champions/pgi-2025-the_white_champions/src/features.c:284:16: warning: passing argument 1 of ‘crop_image’ makes integer from pointer without a cast [-Wint-conversion]
  284 |     crop_image(input_file, output_file, center_x, center_y, width, height);
      |                ^~~~~~~~~~
      |                |
      |                const char *
/home/runner/work/pgi-2025-the_white_champions/pgi-2025-the_white_champions/src/features.c:271:20: note: expected ‘int’ but argument is of type ‘const char *’
  271 | int crop_image(int argc, char*argy[]){
      |                ~~~~^~~~
/home/runner/work/pgi-2025-the_white_champions/pgi-2025-the_white_champions/src/features.c:284:28: warning: passing argument 2 of ‘crop_image’ from incompatible pointer type [-Wincompatible-pointer-types]
  284 |     crop_image(input_file, output_file, center_x, center_y, width, height);
      |                            ^~~~~~~~~~~
      |                            |
      |                            const char *
/home/runner/work/pgi-2025-the_white_champions/pgi-2025-the_white_champions/src/features.c:271:31: note: expected ‘char **’ but argument is of type ‘const char *’
  271 | int crop_image(int argc, char*argy[]){
      |                          ~~~~~^~~~~~
/home/runner/work/pgi-2025-the_white_champions/pgi-2025-the_white_champions/src/features.c:284:5: error: too many arguments to function ‘crop_image’
  284 |     crop_image(input_file, output_file, center_x, center_y, width, height);
      |     ^~~~~~~~~~
/home/runner/work/pgi-2025-the_white_champions/pgi-2025-the_white_champions/src/features.c:271:5: note: declared here
  271 | int crop_image(int argc, char*argy[]){
      |     ^~~~~~~~~~
/home/runner/work/pgi-2025-the_white_champions/pgi-2025-the_white_champions/src/features.c: In function ‘max_component’:
/home/runner/work/pgi-2025-the_white_champions/pgi-2025-the_white_champions/src/features.c:302:28: warning: initialization of ‘pixelRGB *’ {aka ‘struct _pixelRGB *’} from ‘int’ makes pointer from integer without a cast [-Wint-conversion]
  302 |             pixelRGB*pixel=get_pixel( data, largeur , hauteur , NC , X , Y ) ;
      |                            ^~~~~~~~~
/home/runner/work/pgi-2025-the_white_champions/pgi-2025-the_white_champions/src/features.c:304:38: error: ‘pixelRGB’ {aka ‘struct _pixelRGB’} has no member named ‘B’
  304 |                 color_pixel_val=pixel->B ;
      |                                      ^~
/home/runner/work/pgi-2025-the_white_champions/pgi-2025-the_white_champions/src/features.c:312:38: error: ‘pixelRGB’ {aka ‘struct _pixelRGB’} has no member named ‘G’
  312 |                 color_pixel_val=pixel->G ;
      |                                      ^~
/home/runner/work/pgi-2025-the_white_champions/pgi-2025-the_white_champions/src/features.c: In function ‘mirror_totale’:
/home/runner/work/pgi-2025-the_white_champions/pgi-2025-the_white_champions/src/features.c:333:11: error: expected ‘;’ before ‘pixelRGB’
  333 | } pixelRGB
      |           ^
      |           ;
  334 | 
  335 | pixelRGB* get_pixel(unsigned char* data, unsigned int width, unsigned int height, unsigned int n, int x, int y){
      | ~~~~~~~~   
/home/runner/work/pgi-2025-the_white_champions/pgi-2025-the_white_champions/src/features.c: In function ‘print_pixel’:
/home/runner/work/pgi-2025-the_white_champions/pgi-2025-the_white_champions/src/features.c:343:63: error: expected expression before ‘,’ token
  343 |     data = read_image_data(filename, &data, &width, height, n,, x, y);
      |                                                               ^
/home/runner/work/pgi-2025-the_white_champions/pgi-2025-the_white_champions/src/features.c:343:53: warning: passing argument 4 of ‘read_image_data’ makes pointer from integer without a cast [-Wint-conversion]
  343 |     data = read_image_data(filename, &data, &width, height, n,, x, y);
      |                                                     ^~~~~~
      |                                                     |
      |                                                     unsigned int
/home/runner/work/pgi-2025-the_white_champions/lib/estia_image/include/estia-image.h:13:82: note: expected ‘int *’ but argument is of type ‘unsigned int’
   13 | int read_image_data(const char *filename, unsigned char **data, int *width, int *height, int *channel_count);
      |                                                                             ~~~~~^~~~~~
/home/runner/work/pgi-2025-the_white_champions/pgi-2025-the_white_champions/src/features.c:343:61: warning: passing argument 5 of ‘read_image_data’ makes pointer from integer without a cast [-Wint-conversion]
  343 |     data = read_image_data(filename, &data, &width, height, n,, x, y);
      |                                                             ^
      |                                                             |
      |                                                             unsigned int
/home/runner/work/pgi-2025-the_white_champions/lib/estia_image/include/estia-image.h:13:95: note: expected ‘int *’ but argument is of type ‘unsigned int’
   13 | int read_image_data(const char *filename, unsigned char **data, int *width, int *height, int *channel_count);
      |                                                                                          ~~~~~^~~~~~~~~~~~~
/home/runner/work/pgi-2025-the_white_champions/pgi-2025-the_white_champions/src/features.c:343:12: error: too many arguments to function ‘read_image_data’
  343 |     data = read_image_data(filename, &data, &width, height, n,, x, y);
      |            ^~~~~~~~~~~~~~~
/home/runner/work/pgi-2025-the_white_champions/lib/estia_image/include/estia-image.h:13:5: note: declared here
   13 | int read_image_data(const char *filename, unsigned char **data, int *width, int *height, int *channel_count);
      |     ^~~~~~~~~~~~~~~
/home/runner/work/pgi-2025-the_white_champions/pgi-2025-the_white_champions/src/features.c:343:10: warning: assignment to ‘unsigned char *’ from ‘int’ makes pointer from integer without a cast [-Wint-conversion]
  343 |     data = read_image_data(filename, &data, &width, height, n,, x, y);
      |          ^
/home/runner/work/pgi-2025-the_white_champions/pgi-2025-the_white_champions/src/features.c:344:8: error: ‘pixel’ undeclared (first use in this function); did you mean ‘pixelRGB’?
  344 |     if(pixel){
      |        ^~~~~
      |        pixelRGB
/home/runner/work/pgi-2025-the_white_champions/pgi-2025-the_white_champions/src/features.c: In function ‘mirror_totale’:
/home/runner/work/pgi-2025-the_white_champions/pgi-2025-the_white_champions/src/features.c:347:1: error: expected declaration or statement at end of input
  347 | }
      | ^
gmake[2]: *** [CMakeFiles/freud.dir/build.make:93: CMakeFiles/freud.dir/src/features.c.o] Error 1
gmake[2]: *** Waiting for unfinished jobs....
gmake[1]: *** [CMakeFiles/Makefile2:87: CMakeFiles/freud.dir/all] Error 2
gmake: *** [Makefile:136: all] Error 2

The process '/usr/local/bin/cmake' failed with exit code 2